<?xml version="1.0" encoding="UTF-8"?>
<!-- Generated by org.testng.reporters.JUnitReportReporter -->
<testsuite hostname="LAPTOP-AFIEC5FA" failures="0" tests="1" name="com.example.calculator.CalculatorTest" time="0.005" errors="0" timestamp="2025-02-11T22:01:57 IST" skipped="0">
  <testcase classname="com.example.calculator.CalculatorTest" name="testAddition" time="0.005"/>
  <system-out/>
</testsuite> <!-- com.example.calculator.CalculatorTest -->
